2025-12-22T22:15:38Z info: Deployment: 06f1fb47-6cb8-4884-a9ca-c5730faa3da7
2025-12-22T22:15:38Z info: Build: e146e458-6cf5-4ac1-ac82-a3ea50ae8e17
2025-12-22T22:15:38Z info: Connecting to builder
2025-12-22T22:15:39Z info: Builder connected
2025-12-22T22:15:39Z info: Installing packages
--> npm install


up to date, audited 689 packages in 2s

161 packages are looking for funding

  run `npm fund` for details


4 moderate severity vulnerabilities

To address all issues (including breaking changes), run:
  npm audit fix --force

Run `npm audit` for details.

npm notice
npm notice New major version of npm available! 10.8.2 -> 11.7.0
npm notice Changelog: https://github.com/npm/cli/releases/tag/v11.7.0
npm notice To update run: npm install -g npm@11.7.0
npm notice

2025-12-22T22:15:42Z info: Starting Build
vite v6.4.1 building for production...

transforming...

✓ 3480 modules transformed.

rendering chunks...

computing gzip size...

dist/public/index.html                                      2.01 kB │ gzip:   0.76 kB

dist/public/assets/Logo_HUA_1766187037233-BL1uxKqY.png    250.96 kB

dist/public/assets/index-CCIS-RDM.css                      72.81 kB │ gzip:  12.25 kB

dist/public/assets/purify.es-B9ZVCkUG.js                   22.64 kB │ gzip:   8.71 kB

dist/public/assets/index.es-DM7C_JTw.js                   159.35 kB │ gzip:  53.24 kB
dist/public/assets/index-DMoPIRCb.js                    1,735.05 kB │ gzip: 489.95 kB


(!) Some chunks are larger than 500 kB after minification. Consider:
- Using dynamic import() to code-split the application
- Use build.rollupOptions.output.manualChunks to improve chunking: https://rollupjs.org/configuration-options/#output-manualchunks
- Adjust chunk size limit for this warning via build.chunkSizeWarningLimit.

✓ built in 11.77s

node_modules/drizzle-orm/gel-core/columns/date-duration.d.ts(1,35): error TS2307: Cannot find module 'gel' or its corresponding type declarations.

node_modules/drizzle-orm/gel-core/columns/duration.d.ts(1,31): error TS2307: Cannot find module 'gel' or its corresponding type declarations.

node_modules/drizzle-orm/gel-core/columns/localdate.d.ts(1,32): error TS2307: Cannot find module 'gel' or its corresponding type declarations.

node_modules/drizzle-orm/gel-core/columns/localtime.d.ts(1,32): error TS2307: Cannot find module 'gel' or its corresponding type declarations.

node_modules/drizzle-orm/gel-core/columns/relative-duration.d.ts(1,39): error TS2307: Cannot find module 'gel' or its corresponding type declarations.

node_modules/drizzle-orm/gel-core/columns/timestamp.d.ts(1,36): error TS2307: Cannot find module 'gel' or its corresponding type declarations.

node_modules/drizzle-orm/gel-core/query-builders/query.d.ts(23,22): error TS2420: Class 'GelRelationalQuery<TResult>' incorrectly implements interface 'SQLWrapper'.
  Property 'getSQL' is missing in type 'GelRelationalQuery<TResult>' but required in type 'SQLWrapper'.

node_modules/drizzle-orm/gel-core/roles.d.ts(7,22): error TS2559: Type 'GelRole' has no properties in common with type 'GelRoleConfig'.

node_modules/drizzle-orm/mysql-core/query-builders/delete.d.ts(36,22): error TS2420: Class 'MySqlDeleteBase<TTable, TQueryResult, TPreparedQueryHKT, TDynamic, TExcludedMethods>' incorrectly implements interface 'SQLWrapper'.
  Property 'getSQL' is missing in type 'MySqlDeleteBase<TTable, TQueryResult, TPreparedQueryHKT, TDynamic, TExcludedMethods>' but required in type 'SQLWrapper'.

node_modules/drizzle-orm/mysql-core/query-builders/select.d.ts(294,244): error TS2344: Type 'string' does not satisfy the constraint 'keyof this & string'.
  Type 'string' is not assignable to type 'keyof this & string'.
    Type 'string' is not assignable to type 'keyof this'.
      Type '"session"' is not assignable to type '"offset" | "_" | "getSQL" | "as" | "union" | "intersect" | "except" | "for" | "where" | "orderBy" | "limit" | "leftJoin" | "rightJoin" | "innerJoin" | "toSQL" | "$dynamic" | "having" | ... 8 more ... | "$withCache"'.

node_modules/drizzle-orm/mysql-core/query-builders/select.d.ts(320,247): error TS2344: Type 'string' does not satisfy the constraint 'keyof this & string'.
  Type 'string' is not assignable to type 'keyof this & string'.
    Type 'string' is not assignable to type 'keyof this'.
      Type '"session"' is not assignable to type '"offset" | "_" | "getSQL" | "as" | "union" | "intersect" | "except" | "for" | "where" | "orderBy" | "limit" | "leftJoin" | "rightJoin" | "innerJoin" | "toSQL" | "$dynamic" | "having" | ... 8 more ... | "$withCache"'.

node_modules/drizzle-orm/mysql-core/query-builders/select.d.ts(346,248): error TS2344: Type 'string' does not satisfy the constraint 'keyof this & string'.
  Type 'string' is not assignable to type 'keyof this & string'.
    Type 'string' is not assignable to type 'keyof this'.
      Type '"session"' is not assignable to type '"offset" | "_" | "getSQL" | "as" | "union" | "intersect" | "except" | "for" | "where" | "orderBy" | "limit" | "leftJoin" | "rightJoin" | "innerJoin" | "toSQL" | "$dynamic" | "having" | ... 8 more ... | "$withCache"'.

node_modules/drizzle-orm/mysql-core/query-builders/select.d.ts(387,251): error TS2344: Type 'string' does not satisfy the constraint 'keyof this & string'.
  Type 'string' is not assignable to type 'keyof this & string'.
    Type 'string' is not assignable to type 'keyof this'.
      Type '"session"' is not assignable to type '"offset" | "_" | "getSQL" | "as" | "union" | "intersect" | "except" | "for" | "where" | "orderBy" | "limit" | "leftJoin" | "rightJoin" | "innerJoin" | "toSQL" | "$dynamic" | "having" | ... 8 more ... | "$withCache"'.

node_modules/drizzle-orm/mysql-core/query-builders/select.d.ts(413,245): error TS2344: Type 'string' does not satisfy the constraint 'keyof this & string'.
  Type 'string' is not assignable to type 'keyof this & string'.
    Type 'string' is not assignable to type 'keyof this'.
      Type '"session"' is not assignable to type '"offset" | "_" | "getSQL" | "as" | "union" | "intersect" | "except" | "for" | "where" | "orderBy" | "limit" | "leftJoin" | "rightJoin" | "innerJoin" | "toSQL" | "$dynamic" | "having" | ... 8 more ... | "$withCache"'.

node_modules/drizzle-orm/mysql-core/query-builders/select.d.ts(454,248): error TS2344: Type 'string' does not satisfy the constraint 'keyof this & string'.
  Type 'string' is not assignable to type 'keyof this & string'.
    Type 'string' is not assignable to type 'keyof this'.
      Type '"session"' is not assignable to type '"offset" | "_" | "getSQL" | "as" | "union" | "intersect" | "except" | "for" | "where" | "orderBy" | "limit" | "leftJoin" | "rightJoin" | "innerJoin" | "toSQL" | "$dynamic" | "having" | ... 8 more ... | "$withCache"'.

node_modules/drizzle-orm/mysql-core/query-builders/select.d.ts(611,22): error TS2515: Non-abstract class 'MySqlSelectBase<TTableName, TSelection, TSelectMode, TPreparedQueryHKT, TNullabilityMap, TDynamic, TExcludedMethods, TResult, TSelectedFields>' does not implement inherited abstract member getSQL from class 'MySqlSelectQueryBuilderBase<MySqlSelectHKT, TTableName, TSelection, TSelectMode, TPreparedQueryHKT, TNullabilityMap, TDynamic, TExcludedMethods, TResult, TSelectedFields>'.

node_modules/drizzle-orm/mysql-core/query-builders/select.types.d.ts(138,1149): error TS2344: Type 'MySqlSetOperatorExcludedMethods' does not satisfy the constraint '"offset" | "_" | "getSQL" | "as" | "union" | "intersect" | "except" | "for" | "where" | "orderBy" | "limit" | "execute" | "leftJoin" | "rightJoin" | "innerJoin" | "toSQL" | "prepare" | ... 14 more ... | "iterator"'.
  Type '"session"' is not assignable to type '"offset" | "_" | "getSQL" | "as" | "union" | "intersect" | "except" | "for" | "where" | "orderBy" | "limit" | "execute" | "leftJoin" | "rightJoin" | "innerJoin" | "toSQL" | "prepare" | ... 14 more ... | "iterator"'.

node_modules/drizzle-orm/pg-core/query-builders/query.d.ts(23,22): error TS2420: Class 'PgRelationalQuery<TResult>' incorrectly implements interface 'SQLWrapper'.
  Property 'getSQL' is missing in type 'PgRelationalQuery<TResult>' but required in type 'SQLWrapper'.

node_modules/drizzle-orm/pg-core/roles.d.ts(7,22): error TS2559: Type 'PgRole' has no properties in common with type 'PgRoleConfig'.

node_modules/drizzle-orm/singlestore-core/columns/bigint.d.ts(13,22): error TS2515: Non-abstract class 'SingleStoreBigInt53Builder<T>' does not implement inherited abstract member generatedAlwaysAs from class 'SingleStoreColumnBuilderWithAutoIncrement<T, { unsigned: boolean; }, ColumnBuilderExtraConfig>'.
node_modules/drizzle-orm/singlestore-core/columns/bigint.d.ts(35,22): error TS2515: Non-abstract class 'SingleStoreBigInt64Builder<T>' does not implement inherited abstract member generatedAlwaysAs from class 'SingleStoreColumnBuilderWithAutoIncrement<T, { unsigned: boolean; }, ColumnBuilderExtraConfig>'.

node_modules/drizzle-orm/singlestore-core/columns/binary.d.ts(14,22): error TS2515: Non-abstract class 'SingleStoreBinaryBuilder<T>' does not implement inherited abstract member generatedAlwaysAs from class 'SingleStoreColumnBuilder<T, SingleStoreBinaryConfig, object, ColumnBuilderExtraConfig>'.

node_modules/drizzle-orm/singlestore-core/columns/boolean.d.ts(14,22): error TS2515: Non-abstract class 'SingleStoreBooleanBuilder<T>' does not implement inherited abstract member generatedAlwaysAs from class 'SingleStoreColumnBuilder<T, object, object, ColumnBuilderExtraConfig>'.

node_modules/drizzle-orm/singlestore-core/columns/char.d.ts(16,22): error TS2515: Non-abstract class 'SingleStoreCharBuilder<T>' does not implement inherited abstract member generatedAlwaysAs from class 'SingleStoreColumnBuilder<T, SingleStoreCharConfig<T["enumValues"], T["length"]>, { length: T["length"]; }, ColumnBuilderExtraConfig>'.

node_modules/drizzle-orm/singlestore-core/columns/custom.d.ts(24,22): error TS2515: Non-abstract class 'SingleStoreCustomColumnBuilder<T>' does not implement inherited abstract member generatedAlwaysAs from class 'SingleStoreColumnBuilder<T, { fieldConfig: Record<string, any>; customTypeParams: CustomTypeParams<any>; }, { singlestoreColumnBuilderBrand: "SingleStoreCustomColumnBuilderBrand"; }, ColumnBuilderExtraConfig>'.

node_modules/drizzle-orm/singlestore-core/columns/date.d.ts(16,22): error TS2515: Non-abstract class 'SingleStoreDateBuilder<T>' does not implement inherited abstract member generatedAlwaysAs from class 'SingleStoreColumnBuilder<T, object, object, ColumnBuilderExtraConfig>'.
node_modules/drizzle-orm/singlestore-core/columns/date.d.ts(37,22): error TS2515: Non-abstract class 'SingleStoreDateStringBuilder<T>' does not implement inherited abstract member generatedAlwaysAs from class 'SingleStoreColumnBuilder<T, object, object, ColumnBuilderExtraConfig>'.

node_modules/drizzle-orm/singlestore-core/columns/datetime.d.ts(16,22): error TS2515: Non-abstract class 'SingleStoreDateTimeBuilder<T>' does not implement inherited abstract member generatedAlwaysAs from class 'SingleStoreColumnBuilder<T, SingleStoreDatetimeConfig<"string" | "date">, object, ColumnBuilderExtraConfig>'.
node_modules/drizzle-orm/singlestore-core/columns/datetime.d.ts(38,22): error TS2515: Non-abstract class 'SingleStoreDateTimeStringBuilder<T>' does not implement inherited abstract member generatedAlwaysAs from class 'SingleStoreColumnBuilder<T, SingleStoreDatetimeConfig<"string" | "date">, object, ColumnBuilderExtraConfig>'.

node_modules/drizzle-orm/singlestore-core/columns/decimal.d.ts(15,22): error TS2515: Non-abstract class 'SingleStoreDecimalBuilder<T>' does not implement inherited abstract member generatedAlwaysAs from class 'SingleStoreColumnBuilderWithAutoIncrement<T, SingleStoreDecimalConfig<"string" | "number" | "bigint">, ColumnBuilderExtraConfig>'.
node_modules/drizzle-orm/singlestore-core/columns/decimal.d.ts(36,22): error TS2515: Non-abstract class 'SingleStoreDecimalNumberBuilder<T>' does not implement inherited abstract member generatedAlwaysAs from class 'SingleStoreColumnBuilderWithAutoIncrement<T, SingleStoreDecimalConfig<"string" | "number" | "bigint">, ColumnBuilderExtraConfig>'.

node_modules/drizzle-orm/singlestore-core/columns/decimal.d.ts(58,22): error TS2515: Non-abstract class 'SingleStoreDecimalBigIntBuilder<T>' does not implement inherited abstract member generatedAlwaysAs from class 'SingleStoreColumnBuilderWithAutoIncrement<T, SingleStoreDecimalConfig<"string" | "number" | "bigint">, ColumnBuilderExtraConfig>'.

node_modules/drizzle-orm/singlestore-core/columns/double.d.ts(14,22): error TS2515: Non-abstract class 'SingleStoreDoubleBuilder<T>' does not implement inherited abstract member generatedAlwaysAs from class 'SingleStoreColumnBuilderWithAutoIncrement<T, SingleStoreDoubleConfig, ColumnBuilderExtraConfig>'.

node_modules/drizzle-orm/singlestore-core/columns/enum.d.ts(19,5): error TS2416: Property 'generatedAlwaysAs' in type 'SingleStoreEnumColumnBuilder<T>' is not assignable to the same property in base type 'SingleStoreColumnBuilder<T, { enumValues: T["enumValues"]; }, object, ColumnBuilderExtraConfig>'.
  Type '(as: SQL<unknown> | (() => SQL<unknown>) | T["data"], config?: Partial<GeneratedColumnConfig<unknown>>) => HasGenerated<this, {}>' is not assignable to type '(as: SQL<unknown> | (() => SQL<unknown>) | T["data"], config?: Partial<GeneratedColumnConfig<unknown>>) => HasGenerated<this, { type: "always"; }>'.
    Type 'HasGenerated<this, {}>' is not assignable to type 'HasGenerated<this, { type: "always"; }>'.
      Type 'HasGenerated<this, {}>' is not assignable to type '{ _: { hasDefault: true; generated: { type: "always"; }; }; }'.
        The types of '_.generated' are incompatible between these types.
          Property 'type' is missing in type '{}' but required in type '{ type: "always"; }'.

node_modules/drizzle-orm/singlestore-core/columns/float.d.ts(14,22): error TS2515: Non-abstract class 'SingleStoreFloatBuilder<T>' does not implement inherited abstract member generatedAlwaysAs from class 'SingleStoreColumnBuilderWithAutoIncrement<T, SingleStoreFloatConfig, ColumnBuilderExtraConfig>'.

node_modules/drizzle-orm/singlestore-core/columns/int.d.ts(14,22): error TS2515: Non-abstract class 'SingleStoreIntBuilder<T>' does not implement inherited abstract member generatedAlwaysAs from class 'SingleStoreColumnBuilderWithAutoIncrement<T, SingleStoreIntConfig, ColumnBuilderExtraConfig>'.

node_modules/drizzle-orm/singlestore-core/columns/json.d.ts(14,22): error TS2515: Non-abstract class 'SingleStoreJsonBuilder<T>' does not implement inherited abstract member generatedAlwaysAs from class 'SingleStoreColumnBuilder<T, object, object, ColumnBuilderExtraConfig>'.

node_modules/drizzle-orm/singlestore-core/columns/mediumint.d.ts(15,22): error TS2515: Non-abstract class 'SingleStoreMediumIntBuilder<T>' does not implement inherited abstract member generatedAlwaysAs from class 'SingleStoreColumnBuilderWithAutoIncrement<T, SingleStoreIntConfig, ColumnBuilderExtraConfig>'.

node_modules/drizzle-orm/singlestore-core/columns/real.d.ts(14,22): error TS2515: Non-abstract class 'SingleStoreRealBuilder<T>' does not implement inherited abstract member generatedAlwaysAs from class 'SingleStoreColumnBuilderWithAutoIncrement<T, SingleStoreRealConfig, ColumnBuilderExtraConfig>'.

node_modules/drizzle-orm/singlestore-core/columns/serial.d.ts(14,22): error TS2515: Non-abstract class 'SingleStoreSerialBuilder<T>' does not implement inherited abstract member generatedAlwaysAs from class 'SingleStoreColumnBuilderWithAutoIncrement<T, object, ColumnBuilderExtraConfig>'.

node_modules/drizzle-orm/singlestore-core/columns/smallint.d.ts(15,22): error TS2515: Non-abstract class 'SingleStoreSmallIntBuilder<T>' does not implement inherited abstract member generatedAlwaysAs from class 'SingleStoreColumnBuilderWithAutoIncrement<T, SingleStoreIntConfig, ColumnBuilderExtraConfig>'.

node_modules/drizzle-orm/singlestore-core/columns/text.d.ts(16,22): error TS2515: Non-abstract class 'SingleStoreTextBuilder<T>' does not implement inherited abstract member generatedAlwaysAs from class 'SingleStoreColumnBuilder<T, { textType: SingleStoreTextColumnType; enumValues: T["enumValues"]; }, object, ColumnBuilderExtraConfig>'.

node_modules/drizzle-orm/singlestore-core/columns/time.d.ts(14,22): error TS2515: Non-abstract class 'SingleStoreTimeBuilder<T>' does not implement inherited abstract member generatedAlwaysAs from class 'SingleStoreColumnBuilder<T, object, object, ColumnBuilderExtraConfig>'.

node_modules/drizzle-orm/singlestore-core/columns/timestamp.d.ts(15,22): error TS2515: Non-abstract class 'SingleStoreTimestampBuilder<T>' does not implement inherited abstract member generatedAlwaysAs from class 'SingleStoreDateColumnBaseBuilder<T, SingleStoreTimestampConfig<"string" | "date">, ColumnBuilderExtraConfig>'.
node_modules/drizzle-orm/singlestore-core/columns/timestamp.d.ts(35,22): error TS2515: Non-abstract class 'SingleStoreTimestampStringBuilder<T>' does not implement inherited abstract member generatedAlwaysAs from class 'SingleStoreDateColumnBaseBuilder<T, SingleStoreTimestampConfig<"string" | "date">, ColumnBuilderExtraConfig>'.

node_modules/drizzle-orm/singlestore-core/columns/tinyint.d.ts(15,22): error TS2515: Non-abstract class 'SingleStoreTinyIntBuilder<T>' does not implement inherited abstract member generatedAlwaysAs from class 'SingleStoreColumnBuilderWithAutoIncrement<T, SingleStoreIntConfig, ColumnBuilderExtraConfig>'.

node_modules/drizzle-orm/singlestore-core/columns/varbinary.d.ts(14,22): error TS2515: Non-abstract class 'SingleStoreVarBinaryBuilder<T>' does not implement inherited abstract member generatedAlwaysAs from class 'SingleStoreColumnBuilder<T, SingleStoreVarbinaryOptions, object, ColumnBuilderExtraConfig>'.

node_modules/drizzle-orm/singlestore-core/columns/varchar.d.ts(16,22): error TS2515: Non-abstract class 'SingleStoreVarCharBuilder<T>' does not implement inherited abstract member generatedAlwaysAs from class 'SingleStoreColumnBuilder<T, SingleStoreVarCharConfig<T["enumValues"], T["length"]>, { length: T["length"]; }, ColumnBuilderExtraConfig>'.

node_modules/drizzle-orm/singlestore-core/columns/vector.d.ts(13,22): error TS2515: Non-abstract class 'SingleStoreVectorBuilder<T>' does not implement inherited abstract member generatedAlwaysAs from class 'SingleStoreColumnBuilder<T, SingleStoreVectorConfig, object, ColumnBuilderExtraConfig>'.

node_modules/drizzle-orm/singlestore-core/columns/year.d.ts(14,22): error TS2515: Non-abstract class 'SingleStoreYearBuilder<T>' does not implement inherited abstract member generatedAlwaysAs from class 'SingleStoreColumnBuilder<T, object, object, ColumnBuilderExtraConfig>'.

node_modules/drizzle-orm/singlestore-core/query-builders/delete.d.ts(36,22): error TS2420: Class 'SingleStoreDeleteBase<TTable, TQueryResult, TPreparedQueryHKT, TDynamic, TExcludedMethods>' incorrectly implements interface 'SQLWrapper'.
  Property 'getSQL' is missing in type 'SingleStoreDeleteBase<TTable, TQueryResult, TPreparedQueryHKT, TDynamic, TExcludedMethods>' but required in type 'SQLWrapper'.

node_modules/drizzle-orm/singlestore-core/query-builders/select.d.ts(268,262): error TS2344: Type 'string' does not satisfy the constraint 'keyof this & string'.
  Type 'string' is not assignable to type 'keyof this & string'.
    Type 'string' is not assignable to type 'keyof this'.
      Type '"session"' is not assignable to type '"offset" | "_" | "getSQL" | "as" | "union" | "intersect" | "except" | "for" | "where" | "orderBy" | "limit" | "leftJoin" | "rightJoin" | "innerJoin" | "fullJoin" | "toSQL" | "$dynamic" | ... 7 more ... | "minus"'.
node_modules/drizzle-orm/singlestore-core/query-builders/select.d.ts(294,265): error TS2344: Type 'string' does not satisfy the constraint 'keyof this & string'.
  Type 'string' is not assignable to type 'keyof this & string'.
    Type 'string' is not assignable to type 'keyof this'.
      Type '"session"' is not assignable to type '"offset" | "_" | "getSQL" | "as" | "union" | "intersect" | "except" | "for" | "where" | "orderBy" | "limit" | "leftJoin" | "rightJoin" | "innerJoin" | "fullJoin" | "toSQL" | "$dynamic" | ... 7 more ... | "minus"'.
node_modules/drizzle-orm/singlestore-core/query-builders/select.d.ts(320,266): error TS2344: Type 'string' does not satisfy the constraint 'keyof this & string'.
  Type 'string' is not assignable to type 'keyof this & string'.
    Type 'string' is not assignable to type 'keyof this'.
      Type '"session"' is not assignable to type '"offset" | "_" | "getSQL" | "as" | "union" | "intersect" | "except" | "for" | "where" | "orderBy" | "limit" | "leftJoin" | "rightJoin" | "innerJoin" | "fullJoin" | "toSQL" | "$dynamic" | ... 7 more ... | "minus"'.

node_modules/drizzle-orm/singlestore-core/query-builders/select.d.ts(346,263): error TS2344: Type 'string' does not satisfy the constraint 'keyof this & string'.
  Type 'string' is not assignable to type 'keyof this & string'.
    Type 'string' is not assignable to type 'keyof this'.
      Type '"session"' is not assignable to type '"offset" | "_" | "getSQL" | "as" | "union" | "intersect" | "except" | "for" | "where" | "orderBy" | "limit" | "leftJoin" | "rightJoin" | "innerJoin" | "fullJoin" | "toSQL" | "$dynamic" | ... 7 more ... | "minus"'.
node_modules/drizzle-orm/singlestore-core/query-builders/select.d.ts(370,262): error TS2344: Type 'string' does not satisfy the constraint 'keyof this & string'.
  Type 'string' is not assignable to type 'keyof this & string'.
    Type 'string' is not assignable to type 'keyof this'.
      Type '"session"' is not assignable to type '"offset" | "_" | "getSQL" | "as" | "union" | "intersect" | "except" | "for" | "where" | "orderBy" | "limit" | "leftJoin" | "rightJoin" | "innerJoin" | "fullJoin" | "toSQL" | "$dynamic" | ... 7 more ... | "minus"'.
node_modules/drizzle-orm/singlestore-core/query-builders/select.d.ts(520,22): error TS2515: Non-abstract class 'SingleStoreSelectBase<TTableName, TSelection, TSelectMode, TPreparedQueryHKT, TNullabilityMap, TDynamic, TExcludedMethods, TResult, TSelectedFields>' does not implement inherited abstract member getSQL from class 'SingleStoreSelectQueryBuilderBase<SingleStoreSelectHKT, TTableName, TSelection, TSelectMode, TPreparedQueryHKT, TNullabilityMap, TDynamic, TExcludedMethods, TResult, TSelectedFields>'.

node_modules/drizzle-orm/singlestore-core/query-builders/select.types.d.ts(130,1185): error TS2344: Type 'SingleStoreSetOperatorExcludedMethods' does not satisfy the constraint '"offset" | "_" | "getSQL" | "as" | "union" | "intersect" | "except" | "for" | "where" | "orderBy" | "limit" | "execute" | "leftJoin" | "rightJoin" | "innerJoin" | "fullJoin" | "toSQL" | ... 14 more ... | "minus"'.
  Type '"session"' is not assignable to type '"offset" | "_" | "getSQL" | "as" | "union" | "intersect" | "except" | "for" | "where" | "orderBy" | "limit" | "execute" | "leftJoin" | "rightJoin" | "innerJoin" | "fullJoin" | "toSQL" | ... 14 more ... | "minus"'.

node_modules/drizzle-orm/sqlite-core/query-builders/query.d.ts(25,22): error TS2420: Class 'SQLiteRelationalQuery<TType, TResult>' incorrectly implements interface 'SQLWrapper'.
  Property 'getSQL' is missing in type 'SQLiteRelationalQuery<TType, TResult>' but required in type 'SQLWrapper'.

node_modules/drizzle-orm/sqlite-core/query-builders/select.d.ts(233,247): error TS2344: Type 'string' does not satisfy the constraint 'keyof this & string'.
  Type 'string' is not assignable to type 'keyof this & string'.
    Type 'string' is not assignable to type 'keyof this'.
      Type '"config"' is not assignable to type '"offset" | "_" | "getSQL" | "as" | "union" | "intersect" | "except" | "where" | "orderBy" | "limit" | "leftJoin" | "rightJoin" | "innerJoin" | "fullJoin" | "toSQL" | "$dynamic" | "having" | "groupBy" | "crossJoin" | "unionAll"'.

node_modules/drizzle-orm/sqlite-core/query-builders/select.d.ts(259,250): error TS2344: Type 'string' does not satisfy the constraint 'keyof this & string'.
  Type 'string' is not assignable to type 'keyof this & string'.
    Type 'string' is not assignable to type 'keyof this'.
      Type '"config"' is not assignable to type '"offset" | "_" | "getSQL" | "as" | "union" | "intersect" | "except" | "where" | "orderBy" | "limit" | "leftJoin" | "rightJoin" | "innerJoin" | "fullJoin" | "toSQL" | "$dynamic" | "having" | "groupBy" | "crossJoin" | "unionAll"'.

node_modules/drizzle-orm/sqlite-core/query-builders/select.d.ts(285,251): error TS2344: Type 'string' does not satisfy the constraint 'keyof this & string'.
  Type 'string' is not assignable to type 'keyof this & string'.
    Type 'string' is not assignable to type 'keyof this'.
      Type '"config"' is not assignable to type '"offset" | "_" | "getSQL" | "as" | "union" | "intersect" | "except" | "where" | "orderBy" | "limit" | "leftJoin" | "rightJoin" | "innerJoin" | "fullJoin" | "toSQL" | "$dynamic" | "having" | "groupBy" | "crossJoin" | "unionAll"'.

node_modules/drizzle-orm/sqlite-core/query-builders/select.d.ts(311,248): error TS2344: Type 'string' does not satisfy the constraint 'keyof this & string'.
  Type 'string' is not assignable to type 'keyof this & string'.
    Type 'string' is not assignable to type 'keyof this'.
      Type '"config"' is not assignable to type '"offset" | "_" | "getSQL" | "as" | "union" | "intersect" | "except" | "where" | "orderBy" | "limit" | "leftJoin" | "rightJoin" | "innerJoin" | "fullJoin" | "toSQL" | "$dynamic" | "having" | "groupBy" | "crossJoin" | "unionAll"'.

node_modules/drizzle-orm/sqlite-core/query-builders/select.d.ts(452,22): error TS2515: Non-abstract class 'SQLiteSelectBase<TTableName, TResultType, TRunResult, TSelection, TSelectMode, TNullabilityMap, TDynamic, TExcludedMethods, TResult, TSelectedFields>' does not implement inherited abstract member getSQL from class 'SQLiteSelectQueryBuilderBase<SQLiteSelectHKT, TTableName, TResultType, TRunResult, TSelection, TSelectMode, TNullabilityMap, TDynamic, TExcludedMethods, TResult, TSelectedFields>'.

node_modules/drizzle-orm/sqlite-core/query-builders/select.types.d.ts(123,1157): error TS2344: Type 'SQLiteSetOperatorExcludedMethods' does not satisfy the constraint '"values" | "all" | "offset" | "get" | "_" | "getSQL" | "as" | "union" | "intersect" | "except" | "where" | "orderBy" | "limit" | "execute" | "leftJoin" | "rightJoin" | "innerJoin" | ... 12 more ... | "run"'.
  Type '"config"' is not assignable to type '"values" | "all" | "offset" | "get" | "_" | "getSQL" | "as" | "union" | "intersect" | "except" | "where" | "orderBy" | "limit" | "execute" | "leftJoin" | "rightJoin" | "innerJoin" | ... 12 more ... | "run"'.

server/storage.ts(114,54): error TS2769: No overload matches this call.
  Overload 1 of 2, '(value: { name: string | SQL<unknown> | Placeholder<string, any>; id?: string | SQL<unknown> | Placeholder<string, any>; email?: string | SQL<unknown> | Placeholder<string, any>; ... 4 more ...; createdAt?: Date | ... 1 more ... | Placeholder<...>; }): PgInsertBase<...>', gave the following error.
    Argument of type 'Record<string, never>' is not assignable to parameter of type '{ name: string | SQL<unknown> | Placeholder<string, any>; id?: string | SQL<unknown> | Placeholder<string, any>; email?: string | SQL<unknown> | Placeholder<string, any>; ... 4 more ...; createdAt?: Date | ... 1 more ... | Placeholder<...>; }'.
      Property 'name' is missing in type 'Record<string, never>' but required in type '{ name: string | SQL<unknown> | Placeholder<string, any>; id?: string | SQL<unknown> | Placeholder<string, any>; email?: string | SQL<unknown> | Placeholder<string, any>; ... 4 more ...; createdAt?: Date | ... 1 more ... | Placeholder<...>; }'.
  Overload 2 of 2, '(values: { name: string | SQL<unknown> | Placeholder<string, any>; id?: string | SQL<unknown> | Placeholder<string, any>; email?: string | SQL<unknown> | Placeholder<string, any>; ... 4 more ...; createdAt?: Date | ... 1 more ... | Placeholder<...>; }[]): PgInsertBase<...>', gave the following error.
    Argument of type 'Record<string, never>' is not assignable to parameter of type '{ name: string | SQL<unknown> | Placeholder<string, any>; id?: string | SQL<unknown> | Placeholder<string, any>; email?: string | SQL<unknown> | Placeholder<string, any>; ... 4 more ...; createdAt?: Date | ... 1 more ... | Placeholder<...>; }[]'.
      Type 'Record<string, never>' is missing the following properties from type '{ name: string | SQL<unknown> | Placeholder<string, any>; id?: string | SQL<unknown> | Placeholder<string, any>; email?: string | SQL<unknown> | Placeholder<string, any>; ... 4 more ...; createdAt?: Date | ... 1 more ... | Placeholder<...>; }[]': length, pop, push, concat, and 29 more.
server/storage.ts(150,54): error TS2769: No overload matches this call.
  Overload 1 of 2, '(value: { name: string | SQL<unknown> | Placeholder<string, any>; id?: string | SQL<unknown> | Placeholder<string, any>; email?: string | SQL<unknown> | Placeholder<string, any>; ... 6 more ...; paymentTerms?: string | ... 1 more ... | Placeholder<...>; }): PgInsertBase<...>', gave the following error.
    Argument of type 'Record<string, never>' is not assignable to parameter of type '{ name: string | SQL<unknown> | Placeholder<string, any>; id?: string | SQL<unknown> | Placeholder<string, any>; email?: string | SQL<unknown> | Placeholder<string, any>; ... 6 more ...; paymentTerms?: string | ... 1 more ... | Placeholder<...>; }'.
      Property 'name' is missing in type 'Record<string, never>' but required in type '{ name: string | SQL<unknown> | Placeholder<string, any>; id?: string | SQL<unknown> | Placeholder<string, any>; email?: string | SQL<unknown> | Placeholder<string, any>; ... 6 more ...; paymentTerms?: string | ... 1 more ... | Placeholder<...>; }'.
  Overload 2 of 2, '(values: { name: string | SQL<unknown> | Placeholder<string, any>; id?: string | SQL<unknown> | Placeholder<string, any>; email?: string | SQL<unknown> | Placeholder<string, any>; ... 6 more ...; paymentTerms?: string | ... 1 more ... | Placeholder<...>; }[]): PgInsertBase<...>', gave the following error.
    Argument of type 'Record<string, never>' is not assignable to parameter of type '{ name: string | SQL<unknown> | Placeholder<string, any>; id?: string | SQL<unknown> | Placeholder<string, any>; email?: string | SQL<unknown> | Placeholder<string, any>; ... 6 more ...; paymentTerms?: string | ... 1 more ... | Placeholder<...>; }[]'.
      Type 'Record<string, never>' is missing the following properties from type '{ name: string | SQL<unknown> | Placeholder<string, any>; id?: string | SQL<unknown> | Placeholder<string, any>; email?: string | SQL<unknown> | Placeholder<string, any>; ... 6 more ...; paymentTerms?: stri
server/storage.ts(231,57): error TS2769: No overload matches this call.
  Overload 1 of 2, '(value: { shift: string | SQL<unknown> | Placeholder<string, any>; type: string | SQL<unknown> | Placeholder<string, any>; date: Date | SQL<unknown> | Placeholder<...>; ... 8 more ...; interest?: string | ... 1 more ... | Placeholder<...>; }): PgInsertBase<...>', gave the following error.
    Argument of type 'Record<string, never>' is not assignable to parameter of type '{ shift: string | SQL<unknown> | Placeholder<string, any>; type: string | SQL<unknown> | Placeholder<string, any>; date: Date | SQL<unknown> | Placeholder<string, any>; ... 8 more ...; interest?: string | ... 1 more ... | Placeholder<...>; }'.
      Type 'Record<string, never>' is missing the following properties from type '{ shift: string | SQL<unknown> | Placeholder<string, any>; type: string | SQL<unknown> | Placeholder<string, any>; date: Date | SQL<unknown> | Placeholder<string, any>; ... 8 more ...; interest?: string | ... 1 more ... | Placeholder<...>; }': shift, type, date, amount
  Overload 2 of 2, '(values: { shift: string | SQL<unknown> | Placeholder<string, any>; type: string | SQL<unknown> | Placeholder<string, any>; date: Date | SQL<unknown> | Placeholder<...>; ... 8 more ...; interest?: string | ... 1 more ... | Placeholder<...>; }[]): PgInsertBase<...>', gave the following error.
    Argument of type 'Record<string, never>' is not assignable to parameter of type '{ shift: string | SQL<unknown> | Placeholder<string, any>; type: string | SQL<unknown> | Placeholder<string, any>; date: Date | SQL<unknown> | Placeholder<string, any>; ... 8 more ...; interest?: string | ... 1 more ... | Placeholder<...>; }[]'.
      Type 'Record<string, never>' is missing the following properties from type '{ shift: string | SQL<unknown> | Placeholder<string, any>; type: string | SQL<unknown> | Placeholder<string, any>; date: Date | SQL<unknown> | Placeholder<string, any>; ... 8 more ...; interest?: string | ... 1 more ... | Placeholder<...>; }[]': length, pop, push, concat, and 29 more.
server/storage.ts(284,53): error TS2769: No overload matches this call.
  Overload 1 of 2, '(value: { shift: string | SQL<unknown> | Placeholder<string, any>; date: Date | SQL<unknown> | Placeholder<string, any>; balance: string | SQL<unknown> | Placeholder<...>; id?: string | ... 1 more ... | Placeholder<...>; description?: string | ... 1 more ... | Placeholder<...>; inflow?: string | ... 1 more ... | Placeholder<...>; outflow?: string | ... 1 more ... | Placeholder<...>; }): PgInsertBase<...>', gave the following error.
    Argument of type 'Record<string, never>' is not assignable to parameter of type '{ shift: string | SQL<unknown> | Placeholder<string, any>; date: Date | SQL<unknown> | Placeholder<string, any>; balance: string | SQL<unknown> | Placeholder<...>; id?: string | ... 1 more ... | Placeholder<...>; description?: string | ... 1 more ... | Placeholder<...>; inflow?: string | ... 1 more ... | Placeholder...'.
      Type 'Record<string, never>' is missing the following properties from type '{ shift: string | SQL<unknown> | Placeholder<string, any>; date: Date | SQL<unknown> | Placeholder<string, any>; balance: string | SQL<unknown> | Placeholder<...>; id?: string | ... 1 more ... | Placeholder<...>; description?: string | ... 1 more ... | Placeholder<...>; inflow?: string | ... 1 more ... | Placeholder...': shift, date, balance
  Overload 2 of 2, '(values: { shift: string | SQL<unknown> | Placeholder<string, any>; date: Date | SQL<unknown> | Placeholder<string, any>; balance: string | SQL<unknown> | Placeholder<...>; id?: string | ... 1 more ... | Placeholder<...>; description?: string | ... 1 more ... | Placeholder<...>; inflow?: string | ... 1 more ... | Placeholder<...>; outflow?: string | ... 1 more ... | Placeholder<...>; }[]): PgInsertBase<...>', gave the following error.
    Argument of type 'Record<string, never>' is not assignable to parameter of type '{ shift: string | SQL<unknown> | Placeholder<string, any>; date: Date | SQL<unknown> | Placeholder<string, any>; ba
server/storage.ts(361,54): error TS2769: No overload matches this call.
  Overload 1 of 2, '(value: { totalAmount: string | SQL<unknown> | Placeholder<string, any>; purchaseDate: Date | SQL<unknown> | Placeholder<string, any>; id?: string | SQL<...> | Placeholder<...>; status?: string | ... 1 more ... | Placeholder<...>; supplierId?: string | ... 1 more ... | Placeholder<...>; paidAmount?: string | ... 1 more ... | Placeholder<...>; installmentCount?: number | ... 1 more ... | Placeholder<...>; }): PgInsertBase<...>', gave the following error.
    Argument of type 'Record<string, never>' is not assignable to parameter of type '{ totalAmount: string | SQL<unknown> | Placeholder<string, any>; purchaseDate: Date | SQL<unknown> | Placeholder<string, any>; id?: string | SQL<unknown> | Placeholder<...>; status?: string | ... 1 more ... | Placeholder<...>; supplierId?: string | ... 1 more ... | Placeholder<...>; paidAmount?: string | ... 1 more ...'.
      Type 'Record<string, never>' is missing the following properties from type '{ totalAmount: string | SQL<unknown> | Placeholder<string, any>; purchaseDate: Date | SQL<unknown> | Placeholder<string, any>; id?: string | SQL<unknown> | Placeholder<...>; status?: string | ... 1 more ... | Placeholder<...>; supplierId?: string | ... 1 more ... | Placeholder<...>; paidAmount?: string | ... 1 more ...': totalAmount, purchaseDate
  Overload 2 of 2, '(values: { totalAmount: string | SQL<unknown> | Placeholder<string, any>; purchaseDate: Date | SQL<unknown> | Placeholder<string, any>; id?: string | SQL<...> | Placeholder<...>; status?: string | ... 1 more ... | Placeholder<...>; supplierId?: string | ... 1 more ... | Placeholder<...>; paidAmount?: string | ... 1 more ... | Placeholder<...>; installmentCount?: number | ... 1 more ... | Placeholder<...>; }[]): PgInsertBase<...>', gave the following error.
    Argument of type 'Record<string, never>' is not assignable to parameter of type '{ totalAmount: string | SQL<unknown> | Placeholder<string, any>; purchaseDate: Date | SQL<unknown> | Placeholder<string, any>; id?: string | SQL<unknown> | Placeholder<...>; status?: string | ... 1 more ... | Placeholder<...>; supplierId?: string | ... 1 more ... | Placeholder<...>; paidAmount?: string | ... 1 more ...'.
      Type 'Record<string, never>' is missing the following properties from type '{ totalAmount: string | SQL<unknown> | Placeholder<string, any>; purchaseDate: Date | SQL<unknown> | Placeholder<string, any>; id?: string | SQL<unknown> | Placeholder<...>; status?: string | ... 1 more ... | Placeholder<...>; supplierId?: string | ... 1 more ... | Placeholder<...>; paidAmount?: string | ... 1 more ...': length, pop, push, concat, and 29 more.
server/storage.ts(385,57): error TS2769: No overload matches this call.
  Overload 1 of 2, '(value: { amount: string | SQL<unknown> | Placeholder<string, any>; dueDate: Date | SQL<unknown> | Placeholder<string, any>; id?: string | SQL<unknown> | Placeholder<...>; saleId?: string | ... 1 more ... | Placeholder<...>; paid?: boolean | ... 1 more ... | Placeholder<...>; paidDate?: Date | ... 1 more ... | Placeholder<...>; }): PgInsertBase<...>', gave the following error.
    Argument of type 'Record<string, never>' is not assignable to parameter of type '{ amount: string | SQL<unknown> | Placeholder<string, any>; dueDate: Date | SQL<unknown> | Placeholder<string, any>; id?: string | SQL<unknown> | Placeholder<...>; saleId?: string | ... 1 more ... | Placeholder<...>; paid?: boolean | ... 1 more ... | Placeholder<...>; paidDate?: Date | ... 1 more ... | Placeholder<....'.
      Type 'Record<string, never>' is missing the following properties from type '{ amount: string | SQL<unknown> | Placeholder<string, any>; dueDate: Date | SQL<unknown> | Placeholder<string, any>; id?: string | SQL<unknown> | Placeholder<...>; saleId?: string | ... 1 more ... | Placeholder<...>; paid?: boolean | ... 1 more ... | Placeholder<...>; paidDate?: Date | ... 1 more ... | Placeholder<....': amount, dueDate
  Overload 2 of 2, '(values: { amount: string | SQL<unknown> | Placehold
server/storage.ts(409,65): error TS2769: No overload matches this call.
  Overload 1 of 2, '(value: { amount: string | SQL<unknown> | Placeholder<string, any>; dueDate: Date | SQL<unknown> | Placeholder<string, any>; id?: string | SQL<unknown> | Placeholder<...>; paid?: boolean | ... 1 more ... | Placeholder<...>; paidDate?: Date | ... 1 more ... | Placeholder<...>; purchaseId?: string | ... 1 more ... | Placeholder<...>; }): PgInsertBase<...>', gave the following error.
    Argument of type 'Record<string, never>' is not assignable to parameter of type '{ amount: string | SQL<unknown> | Placeholder<string, any>; dueDate: Date | SQL<unknown> | Placeholder<string, any>; id?: string | SQL<unknown> | Placeholder<...>; paid?: boolean | ... 1 more ... | Placeholder<...>; paidDate?: Date | ... 1 more ... | Placeholder<...>; purchaseId?: string | ... 1 more ... | Placehold...'.
      Type 'Record<string, never>' is missing the following properties from type '{ amount: string | SQL<unknown> | Placeholder<string, any>; dueDate: Date | SQL<unknown> | Placeholder<string, any>; id?: string | SQL<unknown> | Placeholder<...>; paid?: boolean | ... 1 more ... | Placeholder<...>; paidDate?: Date | ... 1 more ... | Placeholder<...>; purchaseId?: string | ... 1 more ... | Placehold...': amount, dueDate
  Overload 2 of 2, '(values: { amount: string | SQL<unknown> | Placeholder<string, any>; dueDate: Date | SQL<unknown> | Placeholder<string, any>; id?: string | SQL<unknown> | Placeholder<...>; paid?: boolean | ... 1 more ... | Placeholder<...>; paidDate?: Date | ... 1 more ... | Placeholder<...>; purchaseId?: string | ... 1 more ... | Placeholder<...>; }[]): PgInsertBase<...>', gave the following error.
    Argument of type 'Record<string, never>' is not assignable to parameter of type '{ amount: string | SQL<unknown> | Placeholder<string, any>; dueDate: Date | SQL<unknown> | Placeholder<string, any>; id?: string | SQL<unknown> | Placeholder<...>; paid?: boolean | ... 1 more ... | Placeholder<...>; paidDate?: Date | ... 1 more ... | Placeholder<...>; purchaseId?: string | ... 1 more ... | Placehold...'.
      Type 'Record<string, never>' is missing the following properties from type '{ amount: string | SQL<unknown> | Placeholder<string, any>; dueDate: Date | SQL<unknown> | Placeholder<string, any>; id?: string | SQL<unknown> | Placeholder<...>; paid?: boolean | ... 1 more ... | Placeholder<...>; paidDate?: Date | ... 1 more ... | Placeholder<...>; purchaseId?: string | ... 1 more ... | Placehold...': length, pop, push, concat, and 29 more.
shared/schema.ts(168,34): error TS2344: Type 'ZodObject<{}, { out: {}; in: {}; }>' does not satisfy the constraint 'ZodType<any, any, any>'.
  Type 'ZodObject<{}, { out: {}; in: {}; }>' is missing the following properties from type 'ZodType<any, any, any>': _type, _parse, _getType, _getOrReturnCtx, and 7 more.
shared/schema.ts(171,38): error TS2344: Type 'ZodObject<{}, { out: {}; in: {}; }>' does not satisfy the constraint 'ZodType<any, any, any>'.
  Type 'ZodObject<{}, { out: {}; in: {}; }>' is missing the following properties from type 'ZodType<any, any, any>': _type, _parse, _getType, _getOrReturnCtx, and 7 more.
shared/schema.ts(174,38): error TS2344: Type 'ZodObject<{}, { out: {}; in: {}; }>' does not satisfy the constraint 'ZodType<any, any, any>'.
  Type 'ZodObject<{}, { out: {}; in: {}; }>' is missing the following properties from type 'ZodType<any, any, any>': _type, _parse, _getType, _getOrReturnCtx, and 7 more.
shared/schema.ts(177,38): error TS2344: Type 'ZodObject<{}, { out: {}; in: {}; }>' does not satisfy the constraint 'ZodType<any, any, any>'.
  Type 'ZodObject<{}, { out: {}; in: {}; }>' is missing the following properties from type 'ZodType<any, any, any>': _type, _parse, _getType, _getOrReturnCtx, and 7 more.

shared/schema.ts(180,41): error TS2344: Type 'ZodObject<{}, { out: {}; in: {}; }>' does not satisfy the constraint 'ZodType<any, any, any>'.
  Type 'ZodObject<{}, { out: {}; in: {}; }>' is missing the following properties from type 'ZodType<any, any, any>': _type, _parse, _getType, _getOrReturnCtx, and 7 more.
shared/schema.ts(183,38): error TS2344: Type 'ZodObject<{}, { out: {}; in: {}; }>' does not satisfy the constraint 'ZodType<any, any, any>'.
  Type 'ZodObject<{}, { out: {}; in: {}; }>' is missing the following properties from type 'ZodType<any, any, any>': _type, _parse, _getType, _getOrReturnCtx, and 7 more.

shared/schema.ts(186,34): error TS2344: Type 'ZodObject<{}, { out: {}; in: {}; }>' does not satisfy the constraint 'ZodType<any, any, any>'.
  Type 'ZodObject<{}, { out: {}; in: {}; }>' is missing the following properties from type 'ZodType<any, any, any>': _type, _parse, _getType, _getOrReturnCtx, and 7 more.

shared/schema.ts(189,38): error TS2344: Type 'ZodObject<{}, { out: {}; in: {}; }>' does not satisfy the constraint 'ZodType<any, any, any>'.
  Type 'ZodObject<{}, { out: {}; in: {}; }>' is missing the following properties from type 'ZodType<any, any, any>': _type, _parse, _getType, _getOrReturnCtx, and 7 more.

shared/schema.ts(192,41): error TS2344: Type 'ZodObject<{}, { out: {}; in: {}; }>' does not satisfy the constraint 'ZodType<any, any, any>'.
  Type 'ZodObject<{}, { out: {}; in: {}; }>' is missing the following properties from type 'ZodType<any, any, any>': _type, _parse, _getType, _getOrReturnCtx, and 7 more.

shared/schema.ts(195,49): error TS2344: Type 'ZodObject<{}, { out: {}; in: {}; }>' does not satisfy the constraint 'ZodType<any, any, any>'.
  Type 'ZodObject<{}, { out: {}; in: {}; }>' is missing the following properties from type 'ZodType<any, any, any>': _type, _parse, _getType, _getOrReturnCtx, and 7 more.

